{"/Users/yoanbreslout/Desktop/OpenClassrooms/Projet_8/KASA/src/components/Banner.jsx": {"path":"/Users/yoanbreslout/Desktop/OpenClassrooms/Projet_8/KASA/src/components/Banner.jsx","statementMap":{"0":{"start":{"line":4,"column":2},"end":{"line":10,"column":null}}},"fnMap":{"0":{"name":"Banner","decl":{"start":{"line":3,"column":9},"end":{"line":3,"column":16}},"loc":{"start":{"line":3,"column":56},"end":{"line":10,"column":null}},"line":3}},"branchMap":{"0":{"loc":{"start":{"line":3,"column":28},"end":{"line":3,"column":40}},"type":"default-arg","locations":[{"start":{"line":3,"column":36},"end":{"line":3,"column":40}}],"line":3},"1":{"loc":{"start":{"line":3,"column":40},"end":{"line":3,"column":56}},"type":"default-arg","locations":[{"start":{"line":3,"column":50},"end":{"line":3,"column":56}}],"line":3},"2":{"loc":{"start":{"line":9,"column":7},"end":{"line":9,"column":null}},"type":"binary-expr","locations":[{"start":{"line":9,"column":7},"end":{"line":9,"column":16}},{"start":{"line":9,"column":16},"end":{"line":9,"column":null}}],"line":9}},"s":{"0":4},"f":{"0":4},"b":{"0":[4],"1":[4],"2":[4,1]},"meta":{"lastBranch":3,"lastFunction":1,"lastStatement":1,"seen":{"f:3:9:3:16":0,"b:3:36:3:40":0,"b:3:50:3:56":1,"s:4:2:10:Infinity":0,"b:9:7:9:16:9:16:9:Infinity":2}}}
,"/Users/yoanbreslout/Desktop/OpenClassrooms/Projet_8/KASA/src/components/Collapse.jsx": {"path":"/Users/yoanbreslout/Desktop/OpenClassrooms/Projet_8/KASA/src/components/Collapse.jsx","statementMap":{"0":{"start":{"line":5,"column":17},"end":{"line":5,"column":45}},"1":{"start":{"line":6,"column":8},"end":{"line":6,"column":33}},"2":{"start":{"line":8,"column":8},"end":{"line":9,"column":null}},"3":{"start":{"line":9,"column":4},"end":{"line":9,"column":null}},"4":{"start":{"line":12,"column":2},"end":{"line":33,"column":null}}},"fnMap":{"0":{"name":"Collapse","decl":{"start":{"line":4,"column":9},"end":{"line":4,"column":18}},"loc":{"start":{"line":4,"column":38},"end":{"line":33,"column":null}},"line":4},"1":{"name":"(anonymous_1)","decl":{"start":{"line":8,"column":8},"end":{"line":8,"column":23}},"loc":{"start":{"line":8,"column":23},"end":{"line":9,"column":null}},"line":8}},"branchMap":{"0":{"loc":{"start":{"line":18,"column":53},"end":{"line":18,"column":null}},"type":"cond-expr","locations":[{"start":{"line":18,"column":62},"end":{"line":18,"column":71}},{"start":{"line":18,"column":71},"end":{"line":18,"column":null}}],"line":18},"1":{"loc":{"start":{"line":27,"column":18},"end":{"line":27,"column":null}},"type":"cond-expr","locations":[{"start":{"line":27,"column":27},"end":{"line":27,"column":69}},{"start":{"line":27,"column":69},"end":{"line":27,"column":null}}],"line":27}},"s":{"0":7,"1":7,"2":7,"3":3,"4":7},"f":{"0":7,"1":3},"b":{"0":[2,5],"1":[2,5]},"meta":{"lastBranch":2,"lastFunction":2,"lastStatement":5,"seen":{"f:4:9:4:18":0,"s:5:17:5:45":0,"s:6:8:6:33":1,"s:8:8:9:Infinity":2,"f:8:8:8:23":1,"s:9:4:9:Infinity":3,"s:12:2:33:Infinity":4,"b:18:62:18:71:18:71:18:Infinity":0,"b:27:27:27:69:27:69:27:Infinity":1}}}
,"/Users/yoanbreslout/Desktop/OpenClassrooms/Projet_8/KASA/src/styles/Banner.css": {"path":"/Users/yoanbreslout/Desktop/OpenClassrooms/Projet_8/KASA/src/styles/Banner.css","statementMap":{},"fnMap":{},"branchMap":{},"s":{},"f":{},"b":{},"meta":{"lastBranch":0,"lastFunction":0,"lastStatement":0,"seen":{}}}
,"/Users/yoanbreslout/Desktop/OpenClassrooms/Projet_8/KASA/src/styles/Collapse.css": {"path":"/Users/yoanbreslout/Desktop/OpenClassrooms/Projet_8/KASA/src/styles/Collapse.css","statementMap":{},"fnMap":{},"branchMap":{},"s":{},"f":{},"b":{},"meta":{"lastBranch":0,"lastFunction":0,"lastStatement":0,"seen":{}}}
}
